d:\my_projects\game\game\debug\vc143.pdb
d:\my_projects\game\game\debug\vc143.idb
d:\my_projects\game\game\debug\world.obj
d:\my_projects\game\game\debug\entity.obj
d:\my_projects\game\game\debug\drawlib.obj
d:\my_projects\game\game\debug\main.obj
d:\my_projects\game\game\debug\logic_lib.obj
d:\my_projects\game\game\debug\animation_lib.obj
d:\my_projects\game\game\debug\music_lib.obj
d:\my_projects\game\debug\freeglutd.dll
d:\my_projects\game\debug\openal32.dll
d:\my_projects\game\debug\game.exe
d:\my_projects\game\game\debug\game.ilk
d:\my_projects\game\debug\game.pdb
d:\my_projects\game\game\debug\game.res
d:\my_projects\game\game\debug\animation_lib.obj.enc
d:\my_projects\game\game\debug\drawlib.obj.enc
d:\my_projects\game\game\debug\main.obj.enc
d:\my_projects\game\game\debug\animation_lib.nativecodeanalysis.xml
d:\my_projects\game\game\debug\drawlib.nativecodeanalysis.xml
d:\my_projects\game\game\debug\entity.nativecodeanalysis.xml
d:\my_projects\game\game\debug\logic_lib.nativecodeanalysis.xml
d:\my_projects\game\game\debug\main.nativecodeanalysis.xml
d:\my_projects\game\game\debug\vc.nativecodeanalysis.all.xml
d:\my_projects\game\game\debug\world.nativecodeanalysis.xml
d:\my_projects\game\game\debug\game.tlog\cl.command.1.tlog
d:\my_projects\game\game\debug\game.tlog\cl.read.1.tlog
d:\my_projects\game\game\debug\game.tlog\cl.write.1.tlog
d:\my_projects\game\game\debug\game.tlog\game.write.1u.tlog
d:\my_projects\game\game\debug\game.tlog\link.command.1.tlog
d:\my_projects\game\game\debug\game.tlog\link.read.1.tlog
d:\my_projects\game\game\debug\game.tlog\link.write.1.tlog
d:\my_projects\game\game\debug\game.tlog\rc.command.1.tlog
d:\my_projects\game\game\debug\game.tlog\rc.read.1.tlog
d:\my_projects\game\game\debug\game.tlog\rc.write.1.tlog
